Determining if the include file execinfo.h exists failed with the following output:
Change Dir: C:/Coding/VS/suitesparse/build/CMakeFiles/CMakeTmp

Run Build Command:"C:/Program Files (x86)/Microsoft Visual Studio/2017/Community/MSBuild/15.0/Bin/MSBuild.exe" "cmTC_d64f7.vcxproj" "/p:Configuration=Debug" "/p:VisualStudioVersion=15.0"
Microsoft (R) Build Engine version 15.5.180.51428 for .NET Framework
Copyright (C) Microsoft Corporation. All rights reserved.

Build started 21-Mar-18 8:38:50 PM.
Project "C:\Coding\VS\suitesparse\build\CMakeFiles\CMakeTmp\cmTC_d64f7.vcxproj" on node 1 (default targets).
PrepareForBuild:
  Creating directory "cmTC_d64f7.dir\Debug\".
  Creating directory "C:\Coding\VS\suitesparse\build\CMakeFiles\CMakeTmp\Debug\".
  Creating directory "cmTC_d64f7.dir\Debug\cmTC_d64f7.tlog\".
InitializeBuildStatus:
  Creating "cmTC_d64f7.dir\Debug\cmTC_d64f7.tlog\unsuccessfulbuild" because "AlwaysCreate" was specified.
ClCompile:
  C:\Program Files (x86)\Microsoft Visual Studio\2017\Community\VC\Tools\MSVC\14.12.25827\bin\HostX86\x64\CL.exe /c /Zi /W3 /WX- /diagnostics:classic /Od /Ob0 /D WIN32 /D _WINDOWS /D "CMAKE_INTDIR=\"Debug\"" /D _MBCS /Gm- /RTC1 /MDd /GS /fp:precise /Zc:wchar_t /Zc:forScope /Zc:inline /Fo"cmTC_d64f7.dir\Debug\\" /Fd"cmTC_d64f7.dir\Debug\vc141.pdb" /Gd /TC /errorReport:queue C:\Coding\VS\suitesparse\build\CMakeFiles\CMakeTmp\CheckIncludeFile.c
  Microsoft (R) C/C++ Optimizing Compiler Version 19.12.25835 for x64
  Copyright (C) Microsoft Corporation.  All rights reserved.
  
  cl /c /Zi /W3 /WX- /diagnostics:classic /Od /Ob0 /D WIN32 /D _WINDOWS /D "CMAKE_INTDIR=\"Debug\"" /D _MBCS /Gm- /RTC1 /MDd /GS /fp:precise /Zc:wchar_t /Zc:forScope /Zc:inline /Fo"cmTC_d64f7.dir\Debug\\" /Fd"cmTC_d64f7.dir\Debug\vc141.pdb" /Gd /TC /errorReport:queue C:\Coding\VS\suitesparse\build\CMakeFiles\CMakeTmp\CheckIncludeFile.c
  CheckIncludeFile.c
  
C:\Coding\VS\suitesparse\build\CMakeFiles\CMakeTmp\CheckIncludeFile.c(1): fatal error C1083: Cannot open include file: 'execinfo.h': No such file or directory [C:\Coding\VS\suitesparse\build\CMakeFiles\CMakeTmp\cmTC_d64f7.vcxproj]
Done Building Project "C:\Coding\VS\suitesparse\build\CMakeFiles\CMakeTmp\cmTC_d64f7.vcxproj" (default targets) -- FAILED.

Build FAILED.

"C:\Coding\VS\suitesparse\build\CMakeFiles\CMakeTmp\cmTC_d64f7.vcxproj" (default target) (1) ->
(ClCompile target) -> 
  C:\Coding\VS\suitesparse\build\CMakeFiles\CMakeTmp\CheckIncludeFile.c(1): fatal error C1083: Cannot open include file: 'execinfo.h': No such file or directory [C:\Coding\VS\suitesparse\build\CMakeFiles\CMakeTmp\cmTC_d64f7.vcxproj]

    0 Warning(s)
    1 Error(s)

Time Elapsed 00:00:00.41


Determining if the function getline exists failed with the following output:
Change Dir: C:/Coding/VS/suitesparse/build/CMakeFiles/CMakeTmp

Run Build Command:"C:/Program Files (x86)/Microsoft Visual Studio/2017/Community/MSBuild/15.0/Bin/MSBuild.exe" "cmTC_e1913.vcxproj" "/p:Configuration=Debug" "/p:VisualStudioVersion=15.0"
Microsoft (R) Build Engine version 15.5.180.51428 for .NET Framework
Copyright (C) Microsoft Corporation. All rights reserved.

Build started 21-Mar-18 8:38:50 PM.
Project "C:\Coding\VS\suitesparse\build\CMakeFiles\CMakeTmp\cmTC_e1913.vcxproj" on node 1 (default targets).
PrepareForBuild:
  Creating directory "cmTC_e1913.dir\Debug\".
  Creating directory "C:\Coding\VS\suitesparse\build\CMakeFiles\CMakeTmp\Debug\".
  Creating directory "cmTC_e1913.dir\Debug\cmTC_e1913.tlog\".
InitializeBuildStatus:
  Creating "cmTC_e1913.dir\Debug\cmTC_e1913.tlog\unsuccessfulbuild" because "AlwaysCreate" was specified.
ClCompile:
  C:\Program Files (x86)\Microsoft Visual Studio\2017\Community\VC\Tools\MSVC\14.12.25827\bin\HostX86\x64\CL.exe /c /Zi /W3 /WX- /diagnostics:classic /Od /Ob0 /D WIN32 /D _WINDOWS /D CHECK_FUNCTION_EXISTS=getline /D "CMAKE_INTDIR=\"Debug\"" /D _MBCS /Gm- /RTC1 /MDd /GS /fp:precise /Zc:wchar_t /Zc:forScope /Zc:inline /Fo"cmTC_e1913.dir\Debug\\" /Fd"cmTC_e1913.dir\Debug\vc141.pdb" /Gd /TC /errorReport:queue "C:\Program Files\CMake\share\cmake-3.11\Modules\CheckFunctionExists.c"
  Microsoft (R) C/C++ Optimizing Compiler Version 19.12.25835 for x64
  Copyright (C) Microsoft Corporation.  All rights reserved.
  
  cl /c /Zi /W3 /WX- /diagnostics:classic /Od /Ob0 /D WIN32 /D _WINDOWS /D CHECK_FUNCTION_EXISTS=getline /D "CMAKE_INTDIR=\"Debug\"" /D _MBCS /Gm- /RTC1 /MDd /GS /fp:precise /Zc:wchar_t /Zc:forScope /Zc:inline /Fo"cmTC_e1913.dir\Debug\\" /Fd"cmTC_e1913.dir\Debug\vc141.pdb" /Gd /TC /errorReport:queue "C:\Program Files\CMake\share\cmake-3.11\Modules\CheckFunctionExists.c"
  CheckFunctionExists.c
  
Link:
  C:\Program Files (x86)\Microsoft Visual Studio\2017\Community\VC\Tools\MSVC\14.12.25827\bin\HostX86\x64\link.exe /ERRORREPORT:QUEUE /OUT:"C:\Coding\VS\suitesparse\build\CMakeFiles\CMakeTmp\Debug\cmTC_e1913.exe" /INCREMENTAL /NOLOGO kernel32.lib user32.lib gdi32.lib winspool.lib shell32.lib ole32.lib oleaut32.lib uuid.lib comdlg32.lib advapi32.lib /MANIFEST /MANIFESTUAC:"level='asInvoker' uiAccess='false'" /manifest:embed /DEBUG /PDB:"C:/Coding/VS/suitesparse/build/CMakeFiles/CMakeTmp/Debug/cmTC_e1913.pdb" /SUBSYSTEM:CONSOLE /TLBID:1 /DYNAMICBASE /NXCOMPAT /IMPLIB:"C:/Coding/VS/suitesparse/build/CMakeFiles/CMakeTmp/Debug/cmTC_e1913.lib" /MACHINE:X64  /machine:x64 cmTC_e1913.dir\Debug\CheckFunctionExists.obj
CheckFunctionExists.obj : error LNK2019: unresolved external symbol getline referenced in function main [C:\Coding\VS\suitesparse\build\CMakeFiles\CMakeTmp\cmTC_e1913.vcxproj]
C:\Coding\VS\suitesparse\build\CMakeFiles\CMakeTmp\Debug\cmTC_e1913.exe : fatal error LNK1120: 1 unresolved externals [C:\Coding\VS\suitesparse\build\CMakeFiles\CMakeTmp\cmTC_e1913.vcxproj]
Done Building Project "C:\Coding\VS\suitesparse\build\CMakeFiles\CMakeTmp\cmTC_e1913.vcxproj" (default targets) -- FAILED.

Build FAILED.

"C:\Coding\VS\suitesparse\build\CMakeFiles\CMakeTmp\cmTC_e1913.vcxproj" (default target) (1) ->
(Link target) -> 
  CheckFunctionExists.obj : error LNK2019: unresolved external symbol getline referenced in function main [C:\Coding\VS\suitesparse\build\CMakeFiles\CMakeTmp\cmTC_e1913.vcxproj]
  C:\Coding\VS\suitesparse\build\CMakeFiles\CMakeTmp\Debug\cmTC_e1913.exe : fatal error LNK1120: 1 unresolved externals [C:\Coding\VS\suitesparse\build\CMakeFiles\CMakeTmp\cmTC_e1913.vcxproj]

    0 Warning(s)
    2 Error(s)

Time Elapsed 00:00:00.60


Determining if the include file pthread.h exists failed with the following output:
Change Dir: C:/Coding/VS/suitesparse/build/CMakeFiles/CMakeTmp

Run Build Command:"C:/Program Files (x86)/Microsoft Visual Studio/2017/Community/MSBuild/15.0/Bin/MSBuild.exe" "cmTC_4bae5.vcxproj" "/p:Configuration=Debug" "/p:VisualStudioVersion=15.0"
Microsoft (R) Build Engine version 15.5.180.51428 for .NET Framework
Copyright (C) Microsoft Corporation. All rights reserved.

Build started 21-Mar-18 8:38:51 PM.
Project "C:\Coding\VS\suitesparse\build\CMakeFiles\CMakeTmp\cmTC_4bae5.vcxproj" on node 1 (default targets).
PrepareForBuild:
  Creating directory "cmTC_4bae5.dir\Debug\".
  Creating directory "C:\Coding\VS\suitesparse\build\CMakeFiles\CMakeTmp\Debug\".
  Creating directory "cmTC_4bae5.dir\Debug\cmTC_4bae5.tlog\".
InitializeBuildStatus:
  Creating "cmTC_4bae5.dir\Debug\cmTC_4bae5.tlog\unsuccessfulbuild" because "AlwaysCreate" was specified.
ClCompile:
  C:\Program Files (x86)\Microsoft Visual Studio\2017\Community\VC\Tools\MSVC\14.12.25827\bin\HostX86\x64\CL.exe /c /Zi /W3 /WX- /diagnostics:classic /Od /Ob0 /D WIN32 /D _WINDOWS /D "CMAKE_INTDIR=\"Debug\"" /D _MBCS /Gm- /RTC1 /MDd /GS /fp:precise /Zc:wchar_t /Zc:forScope /Zc:inline /Fo"cmTC_4bae5.dir\Debug\\" /Fd"cmTC_4bae5.dir\Debug\vc141.pdb" /Gd /TC /errorReport:queue C:\Coding\VS\suitesparse\build\CMakeFiles\CMakeTmp\CheckIncludeFile.c
  Microsoft (R) C/C++ Optimizing Compiler Version 19.12.25835 for x64
  Copyright (C) Microsoft Corporation.  All rights reserved.
  
  cl /c /Zi /W3 /WX- /diagnostics:classic /Od /Ob0 /D WIN32 /D _WINDOWS /D "CMAKE_INTDIR=\"Debug\"" /D _MBCS /Gm- /RTC1 /MDd /GS /fp:precise /Zc:wchar_t /Zc:forScope /Zc:inline /Fo"cmTC_4bae5.dir\Debug\\" /Fd"cmTC_4bae5.dir\Debug\vc141.pdb" /Gd /TC /errorReport:queue C:\Coding\VS\suitesparse\build\CMakeFiles\CMakeTmp\CheckIncludeFile.c
  CheckIncludeFile.c
  
C:\Coding\VS\suitesparse\build\CMakeFiles\CMakeTmp\CheckIncludeFile.c(1): fatal error C1083: Cannot open include file: 'pthread.h': No such file or directory [C:\Coding\VS\suitesparse\build\CMakeFiles\CMakeTmp\cmTC_4bae5.vcxproj]
Done Building Project "C:\Coding\VS\suitesparse\build\CMakeFiles\CMakeTmp\cmTC_4bae5.vcxproj" (default targets) -- FAILED.

Build FAILED.

"C:\Coding\VS\suitesparse\build\CMakeFiles\CMakeTmp\cmTC_4bae5.vcxproj" (default target) (1) ->
(ClCompile target) -> 
  C:\Coding\VS\suitesparse\build\CMakeFiles\CMakeTmp\CheckIncludeFile.c(1): fatal error C1083: Cannot open include file: 'pthread.h': No such file or directory [C:\Coding\VS\suitesparse\build\CMakeFiles\CMakeTmp\cmTC_4bae5.vcxproj]

    0 Warning(s)
    1 Error(s)

Time Elapsed 00:00:00.45


Determining if the function sgemm_ exists failed with the following output:
Change Dir: C:/Coding/VS/suitesparse/build/CMakeFiles/CMakeTmp

Run Build Command:"C:/Program Files (x86)/Microsoft Visual Studio/2017/Community/MSBuild/15.0/Bin/MSBuild.exe" "cmTC_26198.vcxproj" "/p:Configuration=Debug" "/p:VisualStudioVersion=15.0"
Microsoft (R) Build Engine version 15.5.180.51428 for .NET Framework
Copyright (C) Microsoft Corporation. All rights reserved.

Build started 21-Mar-18 8:40:32 PM.
Project "C:\Coding\VS\suitesparse\build\CMakeFiles\CMakeTmp\cmTC_26198.vcxproj" on node 1 (default targets).
PrepareForBuild:
  Creating directory "cmTC_26198.dir\Debug\".
  Creating directory "C:\Coding\VS\suitesparse\build\CMakeFiles\CMakeTmp\Debug\".
  Creating directory "cmTC_26198.dir\Debug\cmTC_26198.tlog\".
InitializeBuildStatus:
  Creating "cmTC_26198.dir\Debug\cmTC_26198.tlog\unsuccessfulbuild" because "AlwaysCreate" was specified.
ClCompile:
  C:\Program Files (x86)\Microsoft Visual Studio\2017\Community\VC\Tools\MSVC\14.12.25827\bin\HostX86\x64\CL.exe /c /Zi /W3 /WX- /diagnostics:classic /Od /Ob0 /D WIN32 /D _WINDOWS /D CHECK_FUNCTION_EXISTS=sgemm_ /D "CMAKE_INTDIR=\"Debug\"" /D _MBCS /Gm- /RTC1 /MDd /GS /fp:precise /Zc:wchar_t /Zc:forScope /Zc:inline /Fo"cmTC_26198.dir\Debug\\" /Fd"cmTC_26198.dir\Debug\vc141.pdb" /Gd /TC /errorReport:queue "C:\Program Files\CMake\share\cmake-3.11\Modules\CheckFunctionExists.c"
  Microsoft (R) C/C++ Optimizing Compiler Version 19.12.25835 for x64
  Copyright (C) Microsoft Corporation.  All rights reserved.
  
  cl /c /Zi /W3 /WX- /diagnostics:classic /Od /Ob0 /D WIN32 /D _WINDOWS /D CHECK_FUNCTION_EXISTS=sgemm_ /D "CMAKE_INTDIR=\"Debug\"" /D _MBCS /Gm- /RTC1 /MDd /GS /fp:precise /Zc:wchar_t /Zc:forScope /Zc:inline /Fo"cmTC_26198.dir\Debug\\" /Fd"cmTC_26198.dir\Debug\vc141.pdb" /Gd /TC /errorReport:queue "C:\Program Files\CMake\share\cmake-3.11\Modules\CheckFunctionExists.c"
  CheckFunctionExists.c
  
Link:
  C:\Program Files (x86)\Microsoft Visual Studio\2017\Community\VC\Tools\MSVC\14.12.25827\bin\HostX86\x64\link.exe /ERRORREPORT:QUEUE /OUT:"C:\Coding\VS\suitesparse\build\CMakeFiles\CMakeTmp\Debug\cmTC_26198.exe" /INCREMENTAL /NOLOGO C:\Coding\VS\suitesparse\lapack_windows\x64\libblas.dll kernel32.lib user32.lib gdi32.lib winspool.lib shell32.lib ole32.lib oleaut32.lib uuid.lib comdlg32.lib advapi32.lib /MANIFEST /MANIFESTUAC:"level='asInvoker' uiAccess='false'" /manifest:embed /DEBUG /PDB:"C:/Coding/VS/suitesparse/build/CMakeFiles/CMakeTmp/Debug/cmTC_26198.pdb" /SUBSYSTEM:CONSOLE /TLBID:1 /DYNAMICBASE /NXCOMPAT /IMPLIB:"C:/Coding/VS/suitesparse/build/CMakeFiles/CMakeTmp/Debug/cmTC_26198.lib" /MACHINE:X64  /machine:x64 cmTC_26198.dir\Debug\CheckFunctionExists.obj
C:\Coding\VS\suitesparse\lapack_windows\x64\libblas.dll : fatal error LNK1107: invalid or corrupt file: cannot read at 0x480 [C:\Coding\VS\suitesparse\build\CMakeFiles\CMakeTmp\cmTC_26198.vcxproj]
Done Building Project "C:\Coding\VS\suitesparse\build\CMakeFiles\CMakeTmp\cmTC_26198.vcxproj" (default targets) -- FAILED.

Build FAILED.

"C:\Coding\VS\suitesparse\build\CMakeFiles\CMakeTmp\cmTC_26198.vcxproj" (default target) (1) ->
(Link target) -> 
  C:\Coding\VS\suitesparse\lapack_windows\x64\libblas.dll : fatal error LNK1107: invalid or corrupt file: cannot read at 0x480 [C:\Coding\VS\suitesparse\build\CMakeFiles\CMakeTmp\cmTC_26198.vcxproj]

    0 Warning(s)
    1 Error(s)

Time Elapsed 00:00:00.53


